2020/12/12 上午 10:26:26	This log contains information about the import schema operation into project 'ContosoUniversityDB1' on computer 'DESKTOP-5T3KIF6' by user 'User'.
2020/12/12 上午 10:26:26	Import of database schema has started.
2020/12/12 上午 10:26:29	Gathering database credentials
2020/12/12 上午 10:26:29	Gathering database options
2020/12/12 上午 10:26:29	Gathering users
2020/12/12 上午 10:26:29	Gathering roles
2020/12/12 上午 10:26:29	Gathering application roles
2020/12/12 上午 10:26:29	Gathering role memberships
2020/12/12 上午 10:26:29	Gathering filegroups
2020/12/12 上午 10:26:29	Gathering full-text catalogs
2020/12/12 上午 10:26:29	Gathering assemblies
2020/12/12 上午 10:26:29	Gathering certificates
2020/12/12 上午 10:26:29	Gathering asymmetric keys
2020/12/12 上午 10:26:29	Gathering symmetric keys
2020/12/12 上午 10:26:29	Gathering encrypted symmetric keys
2020/12/12 上午 10:26:29	Gathering schemas
2020/12/12 上午 10:26:29	Gathering XML schema collections
2020/12/12 上午 10:26:29	Gathering user-defined data types
2020/12/12 上午 10:26:29	Gathering user-defined types
2020/12/12 上午 10:26:29	Gathering table types
2020/12/12 上午 10:26:29	Gathering unique keys for table types
2020/12/12 上午 10:26:29	Gathering primary keys for table types
2020/12/12 上午 10:26:29	Gathering indexes for table types
2020/12/12 上午 10:26:29	Gathering check constraints for table types
2020/12/12 上午 10:26:30	Gathering default constraints for table types
2020/12/12 上午 10:26:30	Gathering partition functions
2020/12/12 上午 10:26:30	Gathering partition schemes
2020/12/12 上午 10:26:30	Gathering functions
2020/12/12 上午 10:26:30	Gathering encrypted functions
2020/12/12 上午 10:26:30	Gathering aggregates
2020/12/12 上午 10:26:30	Gathering procedures
2020/12/12 上午 10:26:30	Gathering encrypted procedures
2020/12/12 上午 10:26:30	Gathering tables
2020/12/12 上午 10:26:30	Gathering primary keys
2020/12/12 上午 10:26:30	Gathering unique constraints
2020/12/12 上午 10:26:30	Gathering foreign keys
2020/12/12 上午 10:26:30	Gathering default constraints
2020/12/12 上午 10:26:30	Gathering check constraints
2020/12/12 上午 10:26:30	Gathering views
2020/12/12 上午 10:26:30	Gathering encrypted views
2020/12/12 上午 10:26:30	Gathering indexes
2020/12/12 上午 10:26:30	Gathering statistics
2020/12/12 上午 10:26:30	Gathering full-text index stoplists
2020/12/12 上午 10:26:30	Gathering search property lists
2020/12/12 上午 10:26:30	Gathering search properties
2020/12/12 上午 10:26:30	Gathering full-text indexes
2020/12/12 上午 10:26:30	Gathering column store indexes
2020/12/12 上午 10:26:30	Gathering spatial indexes
2020/12/12 上午 10:26:30	Gathering XML indexes
2020/12/12 上午 10:26:30	Gathering Selective XML indexes
2020/12/12 上午 10:26:30	Gathering encrypted triggers
2020/12/12 上午 10:26:30	Gathering triggers
2020/12/12 上午 10:26:30	Gathering encrypted and clr ddl triggers
2020/12/12 上午 10:26:30	Gathering ddl triggers
2020/12/12 上午 10:26:30	Gathering synonyms
2020/12/12 上午 10:26:30	Gathering defaults
2020/12/12 上午 10:26:30	Gathering data constraint uddt bindings
2020/12/12 上午 10:26:30	Gathering rules
2020/12/12 上午 10:26:30	Gathering data constraint uddt bindings
2020/12/12 上午 10:26:30	Gathering message types
2020/12/12 上午 10:26:30	Gathering queues
2020/12/12 上午 10:26:30	Gathering contracts
2020/12/12 上午 10:26:30	Gathering services
2020/12/12 上午 10:26:30	Gathering event notifications
2020/12/12 上午 10:26:30	Gathering remote service bindings
2020/12/12 上午 10:26:30	Gathering broker priorities
2020/12/12 上午 10:26:30	Gathering signatures
2020/12/12 上午 10:26:30	Gathering data compression options
2020/12/12 上午 10:26:30	Gathering sequence types
2020/12/12 上午 10:26:30	Gathering security policies
2020/12/12 上午 10:26:30	Gather column encryption keys
2020/12/12 上午 10:26:30	Gathering column master keys
2020/12/12 上午 10:26:30	Gathering external data sources
2020/12/12 上午 10:26:30	Gathering external file formats
2020/12/12 上午 10:26:30	Gathering external tables
2020/12/12 上午 10:26:30	Gathering extended properties
2020/12/12 上午 10:26:32	Scanning project for duplicate elements
2020/12/12 上午 10:26:33	Finished duplicate element processing
2020/12/12 上午 10:26:33	Finished importing database.
2020/12/12 上午 10:26:33	A summary of the import was saved to the following location: C:\.Net5\solution1\ContosoUniversityDB1\Import Schema Logs\ContosoUniversityDB1_20201212022626.log
2020/12/12 上午 10:26:33	Click Finish to continue...
